0 info it worked if it ends with ok
1 verbose cli [ 'C:\\Program Files\\nodejs\\node.exe',
1 verbose cli   'C:\\Program Files\\nodejs\\node_modules\\npm\\bin\\npm-cli.js',
1 verbose cli   'install',
1 verbose cli   '-g',
1 verbose cli   'cordova',
1 verbose cli   'ionic' ]
2 info using npm@2.15.1
3 info using node@v4.4.4
4 verbose install initial load of C:\Users\Adnan\AppData\Roaming\npm\package.json
5 verbose readDependencies loading dependencies from C:\Users\Adnan\AppData\Roaming\npm\package.json
6 silly cache add args [ 'cordova', null ]
7 verbose cache add spec cordova
8 silly cache add args [ 'ionic', null ]
9 verbose cache add spec ionic
10 silly cache add parsed spec Result {
10 silly cache add   raw: 'cordova',
10 silly cache add   scope: null,
10 silly cache add   name: 'cordova',
10 silly cache add   rawSpec: '',
10 silly cache add   spec: 'latest',
10 silly cache add   type: 'tag' }
11 silly addNamed cordova@latest
12 verbose addNamed "latest" is being treated as a dist-tag for cordova
13 info addNameTag [ 'cordova', 'latest' ]
14 silly mapToRegistry name cordova
15 silly mapToRegistry using default registry
16 silly mapToRegistry registry https://registry.npmjs.org/
17 silly mapToRegistry data Result {
17 silly mapToRegistry   raw: 'cordova',
17 silly mapToRegistry   scope: null,
17 silly mapToRegistry   name: 'cordova',
17 silly mapToRegistry   rawSpec: '',
17 silly mapToRegistry   spec: 'latest',
17 silly mapToRegistry   type: 'tag' }
18 silly mapToRegistry uri https://registry.npmjs.org/cordova
19 verbose addNameTag registry:https://registry.npmjs.org/cordova not in flight; fetching
20 silly cache add parsed spec Result {
20 silly cache add   raw: 'ionic',
20 silly cache add   scope: null,
20 silly cache add   name: 'ionic',
20 silly cache add   rawSpec: '',
20 silly cache add   spec: 'latest',
20 silly cache add   type: 'tag' }
21 silly addNamed ionic@latest
22 verbose addNamed "latest" is being treated as a dist-tag for ionic
23 info addNameTag [ 'ionic', 'latest' ]
24 silly mapToRegistry name ionic
25 silly mapToRegistry using default registry
26 silly mapToRegistry registry https://registry.npmjs.org/
27 silly mapToRegistry data Result {
27 silly mapToRegistry   raw: 'ionic',
27 silly mapToRegistry   scope: null,
27 silly mapToRegistry   name: 'ionic',
27 silly mapToRegistry   rawSpec: '',
27 silly mapToRegistry   spec: 'latest',
27 silly mapToRegistry   type: 'tag' }
28 silly mapToRegistry uri https://registry.npmjs.org/ionic
29 verbose addNameTag registry:https://registry.npmjs.org/ionic not in flight; fetching
30 verbose request uri https://registry.npmjs.org/ionic
31 verbose request no auth needed
32 info attempt registry request try #1 at 12:21:30 AM
33 verbose request id 099c116ce7b913bd
34 verbose etag "B3KI53MOJ2OGQ3XZPTDE0Z1A5"
35 http request GET https://registry.npmjs.org/ionic
36 verbose request uri https://registry.npmjs.org/cordova
37 verbose request no auth needed
38 info attempt registry request try #1 at 12:21:30 AM
39 verbose etag "C0YBA6AFB1B6EEBSSSW9QLYJA"
40 http request GET https://registry.npmjs.org/cordova
41 http 200 https://registry.npmjs.org/cordova
42 verbose headers { server: 'CouchDB/1.5.0 (Erlang OTP/R16B03)',
42 verbose headers   etag: '"7ML2MONINJYQXQSBSKU3NKWGT"',
42 verbose headers   'content-type': 'application/json',
42 verbose headers   'content-encoding': 'gzip',
42 verbose headers   'cache-control': 'max-age=300',
42 verbose headers   'content-length': '35812',
42 verbose headers   'accept-ranges': 'bytes',
42 verbose headers   date: 'Mon, 20 Jun 2016 18:52:08 GMT',
42 verbose headers   via: '1.1 varnish',
42 verbose headers   age: '0',
42 verbose headers   connection: 'keep-alive',
42 verbose headers   'x-served-by': 'cache-sin6927-SIN',
42 verbose headers   'x-cache': 'HIT',
42 verbose headers   'x-cache-hits': '1',
42 verbose headers   'x-timer': 'S1466448728.307602,VS0,VE218',
42 verbose headers   vary: 'Accept-Encoding' }
43 silly get cb [ 200,
43 silly get   { server: 'CouchDB/1.5.0 (Erlang OTP/R16B03)',
43 silly get     etag: '"7ML2MONINJYQXQSBSKU3NKWGT"',
43 silly get     'content-type': 'application/json',
43 silly get     'content-encoding': 'gzip',
43 silly get     'cache-control': 'max-age=300',
43 silly get     'content-length': '35812',
43 silly get     'accept-ranges': 'bytes',
43 silly get     date: 'Mon, 20 Jun 2016 18:52:08 GMT',
43 silly get     via: '1.1 varnish',
43 silly get     age: '0',
43 silly get     connection: 'keep-alive',
43 silly get     'x-served-by': 'cache-sin6927-SIN',
43 silly get     'x-cache': 'HIT',
43 silly get     'x-cache-hits': '1',
43 silly get     'x-timer': 'S1466448728.307602,VS0,VE218',
43 silly get     vary: 'Accept-Encoding' } ]
44 verbose get saving cordova to C:\Users\Adnan\AppData\Roaming\npm-cache\registry.npmjs.org\cordova\.cache.json
45 verbose correctMkdir C:\Users\Adnan\AppData\Roaming\npm-cache correctMkdir not in flight; initializing
46 silly addNameTag next cb for cordova with tag latest
47 silly addNamed cordova@6.2.0
48 verbose addNamed "6.2.0" is a plain semver version for cordova
49 silly mapToRegistry name cordova
50 silly mapToRegistry using default registry
51 silly mapToRegistry registry https://registry.npmjs.org/
52 silly mapToRegistry data Result {
52 silly mapToRegistry   raw: 'cordova',
52 silly mapToRegistry   scope: null,
52 silly mapToRegistry   name: 'cordova',
52 silly mapToRegistry   rawSpec: '',
52 silly mapToRegistry   spec: 'latest',
52 silly mapToRegistry   type: 'tag' }
53 silly mapToRegistry uri https://registry.npmjs.org/cordova
54 verbose addRemoteTarball https://registry.npmjs.org/cordova/-/cordova-6.2.0.tgz not in flight; adding
55 verbose addRemoteTarball [ 'https://registry.npmjs.org/cordova/-/cordova-6.2.0.tgz',
55 verbose addRemoteTarball   '8442ec6f4d4440bc124713d32139d78efa1b72ce' ]
56 info retry fetch attempt 1 at 12:22:13 AM
57 info attempt registry request try #1 at 12:22:13 AM
58 http fetch GET https://registry.npmjs.org/cordova/-/cordova-6.2.0.tgz
59 http fetch 200 https://registry.npmjs.org/cordova/-/cordova-6.2.0.tgz
60 http 200 https://registry.npmjs.org/ionic
61 verbose headers { server: 'CouchDB/1.5.0 (Erlang OTP/R16B03)',
61 verbose headers   etag: '"7QM8XP80FF1SLQIUG9DI8LQ0T"',
61 verbose headers   'content-type': 'application/json',
61 verbose headers   'content-encoding': 'gzip',
61 verbose headers   'cache-control': 'max-age=300',
61 verbose headers   'content-length': '63150',
61 verbose headers   'accept-ranges': 'bytes',
61 verbose headers   date: 'Mon, 20 Jun 2016 18:52:09 GMT',
61 verbose headers   via: '1.1 varnish',
61 verbose headers   age: '0',
61 verbose headers   connection: 'keep-alive',
61 verbose headers   'x-served-by': 'cache-sin6922-SIN',
61 verbose headers   'x-cache': 'HIT',
61 verbose headers   'x-cache-hits': '1',
61 verbose headers   'x-timer': 'S1466448728.313100,VS0,VE990',
61 verbose headers   vary: 'Accept-Encoding' }
62 silly get cb [ 200,
62 silly get   { server: 'CouchDB/1.5.0 (Erlang OTP/R16B03)',
62 silly get     etag: '"7QM8XP80FF1SLQIUG9DI8LQ0T"',
62 silly get     'content-type': 'application/json',
62 silly get     'content-encoding': 'gzip',
62 silly get     'cache-control': 'max-age=300',
62 silly get     'content-length': '63150',
62 silly get     'accept-ranges': 'bytes',
62 silly get     date: 'Mon, 20 Jun 2016 18:52:09 GMT',
62 silly get     via: '1.1 varnish',
62 silly get     age: '0',
62 silly get     connection: 'keep-alive',
62 silly get     'x-served-by': 'cache-sin6922-SIN',
62 silly get     'x-cache': 'HIT',
62 silly get     'x-cache-hits': '1',
62 silly get     'x-timer': 'S1466448728.313100,VS0,VE990',
62 silly get     vary: 'Accept-Encoding' } ]
63 verbose get saving ionic to C:\Users\Adnan\AppData\Roaming\npm-cache\registry.npmjs.org\ionic\.cache.json
64 verbose correctMkdir C:\Users\Adnan\AppData\Roaming\npm-cache correctMkdir not in flight; initializing
65 silly addNameTag next cb for ionic with tag latest
66 silly addNamed ionic@1.7.15
67 verbose addNamed "1.7.15" is a plain semver version for ionic
68 silly mapToRegistry name ionic
69 silly mapToRegistry using default registry
70 silly mapToRegistry registry https://registry.npmjs.org/
71 silly mapToRegistry data Result {
71 silly mapToRegistry   raw: 'ionic',
71 silly mapToRegistry   scope: null,
71 silly mapToRegistry   name: 'ionic',
71 silly mapToRegistry   rawSpec: '',
71 silly mapToRegistry   spec: 'latest',
71 silly mapToRegistry   type: 'tag' }
72 silly mapToRegistry uri https://registry.npmjs.org/ionic
73 verbose addRemoteTarball https://registry.npmjs.org/ionic/-/ionic-1.7.15.tgz not in flight; adding
74 verbose addRemoteTarball [ 'https://registry.npmjs.org/ionic/-/ionic-1.7.15.tgz',
74 verbose addRemoteTarball   'fe83a72a60d03d667d0f3bb47a4210f57356c322' ]
75 info retry fetch attempt 1 at 12:22:18 AM
76 info attempt registry request try #1 at 12:22:18 AM
77 http fetch GET https://registry.npmjs.org/ionic/-/ionic-1.7.15.tgz
78 http fetch 200 https://registry.npmjs.org/ionic/-/ionic-1.7.15.tgz
79 silly fetchAndShaCheck shasum 8442ec6f4d4440bc124713d32139d78efa1b72ce
80 verbose addTmpTarball C:\Users\Adnan\AppData\Local\Temp\npm-10724-22fd0bcf\registry.npmjs.org\cordova\-\cordova-6.2.0.tgz not in flight; adding
81 verbose addTmpTarball already have metadata; skipping unpack for cordova@6.2.0
82 verbose correctMkdir C:\Users\Adnan\AppData\Roaming\npm-cache correctMkdir not in flight; initializing
83 silly cache afterAdd cordova@6.2.0
84 verbose afterAdd C:\Users\Adnan\AppData\Roaming\npm-cache\cordova\6.2.0\package\package.json not in flight; writing
85 verbose correctMkdir C:\Users\Adnan\AppData\Roaming\npm-cache correctMkdir not in flight; initializing
86 verbose afterAdd C:\Users\Adnan\AppData\Roaming\npm-cache\cordova\6.2.0\package\package.json written
87 info retry will retry, error on last attempt: Error: read ECONNRESET
88 info retry will retry, error on last attempt: Error: read ECONNRESET
89 silly fetchAndShaCheck shasum fe83a72a60d03d667d0f3bb47a4210f57356c322
90 verbose stack Error: shasum check failed for C:\Users\Adnan\AppData\Local\Temp\npm-10724-22fd0bcf\registry.npmjs.org\ionic\-\ionic-1.7.15.tgz
90 verbose stack Expected: fe83a72a60d03d667d0f3bb47a4210f57356c322
90 verbose stack Actual:   cdb0334bf144d652e89b838adfce98c435c3ca19
90 verbose stack From:     https://registry.npmjs.org/ionic/-/ionic-1.7.15.tgz
90 verbose stack     at C:\Program Files\nodejs\node_modules\npm\node_modules\sha\index.js:25:8
90 verbose stack     at ReadStream.<anonymous> (C:\Program Files\nodejs\node_modules\npm\node_modules\sha\index.js:72:7)
90 verbose stack     at emitNone (events.js:72:20)
90 verbose stack     at ReadStream.emit (events.js:166:7)
90 verbose stack     at endReadableNT (_stream_readable.js:913:12)
90 verbose stack     at nextTickCallbackWith2Args (node.js:442:9)
90 verbose stack     at process._tickCallback (node.js:356:17)
91 verbose cwd d:\Visual Studio Code\admin
92 error Windows_NT 10.0.10586
93 error argv "C:\\Program Files\\nodejs\\node.exe" "C:\\Program Files\\nodejs\\node_modules\\npm\\bin\\npm-cli.js" "install" "-g" "cordova" "ionic"
94 error node v4.4.4
95 error npm  v2.15.1
96 error shasum check failed for C:\Users\Adnan\AppData\Local\Temp\npm-10724-22fd0bcf\registry.npmjs.org\ionic\-\ionic-1.7.15.tgz
96 error Expected: fe83a72a60d03d667d0f3bb47a4210f57356c322
96 error Actual:   cdb0334bf144d652e89b838adfce98c435c3ca19
96 error From:     https://registry.npmjs.org/ionic/-/ionic-1.7.15.tgz
97 error If you need help, you may report this error at:
97 error     <https://github.com/npm/npm/issues>
98 verbose exit [ 1, true ]
